2009-08-12 22:13:10 Warning: Warning (512): <span style = "color:Red;text-align:left"><b>SQL Error:</b> 1064: You have an error in your SQL syntax; check the manual that corresponds to your MySQL server version for the right syntax to use near 'All    LIMIT 1' at line 1</span> in [CORE\cake\libs\model\datasources\dbo_source.php, line 524]
2009-08-12 22:14:46 Warning: Warning (512): <span style = "color:Red;text-align:left"><b>SQL Error:</b> 1064: You have an error in your SQL syntax; check the manual that corresponds to your MySQL server version for the right syntax to use near 'All    LIMIT 1' at line 1</span> in [CORE\cake\libs\model\datasources\dbo_source.php, line 524]
2009-08-12 22:15:24 Warning: Warning (512): <span style = "color:Red;text-align:left"><b>SQL Error:</b> 1064: You have an error in your SQL syntax; check the manual that corresponds to your MySQL server version for the right syntax to use near 'All    LIMIT 1' at line 1</span> in [CORE\cake\libs\model\datasources\dbo_source.php, line 524]
2009-08-12 22:17:30 Warning: Warning (512): <span style = "color:Red;text-align:left"><b>SQL Error:</b> 1064: You have an error in your SQL syntax; check the manual that corresponds to your MySQL server version for the right syntax to use near 'All    LIMIT 1' at line 1</span> in [CORE\cake\libs\model\datasources\dbo_source.php, line 524]
2009-08-12 22:18:05 Warning: Warning (512): <span style = "color:Red;text-align:left"><b>SQL Error:</b> 1064: You have an error in your SQL syntax; check the manual that corresponds to your MySQL server version for the right syntax to use near 'All    LIMIT 1' at line 1</span> in [CORE\cake\libs\model\datasources\dbo_source.php, line 524]
2009-08-12 22:18:05 Warning: Warning (2): Invalid argument supplied for foreach() in [APP\views\unlimited_tariffs\index.ctp, line 8]
2009-08-12 22:27:46 Warning: Warning (512): <span style = "color:Red;text-align:left"><b>SQL Error:</b> 1064: You have an error in your SQL syntax; check the manual that corresponds to your MySQL server version for the right syntax to use near 'All    LIMIT 1' at line 1</span> in [CORE\cake\libs\model\datasources\dbo_source.php, line 524]
2009-08-12 22:27:46 Warning: Warning (2): Invalid argument supplied for foreach() in [APP\views\unlimited_tariffs\index.ctp, line 8]
2009-08-12 22:30:18 Warning: Warning (2): Invalid argument supplied for foreach() in [APP\views\unlimited_tariffs\index.ctp, line 8]
2009-08-14 23:10:52 Warning: Warning (2): Cannot modify header information - headers already sent by (output started at D:\xampp\htdocs\arvo-joomla\billing\app\config\database.php:1) in [CORE\cake\libs\controller\controller.php, line 644]
2009-08-15 22:38:10 Warning: Warning (512): <span style = "color:Red;text-align:left"><b>SQL Error:</b> 1054: Unknown column 'UnlimitedTariff.unlimitedtariff_id' in 'on clause'</span> in [CORE\cake\libs\model\datasources\dbo_source.php, line 524]
2009-08-15 22:38:10 Warning: Warning (2): Invalid argument supplied for foreach() in [APP\views\users\index.ctp, line 93]
2009-08-15 22:39:10 Warning: Warning (512): <span style = "color:Red;text-align:left"><b>SQL Error:</b> 1054: Unknown column 'UnlimitedTariff.unlimitedtariff_id' in 'on clause'</span> in [CORE\cake\libs\model\datasources\dbo_source.php, line 524]
2009-08-15 22:39:10 Warning: Warning (2): Invalid argument supplied for foreach() in [APP\views\users\index.ctp, line 93]
2009-08-15 22:39:11 Warning: Warning (512): <span style = "color:Red;text-align:left"><b>SQL Error:</b> 1054: Unknown column 'UnlimitedTariff.unlimitedtariff_id' in 'on clause'</span> in [CORE\cake\libs\model\datasources\dbo_source.php, line 524]
2009-08-15 22:39:11 Warning: Warning (2): Invalid argument supplied for foreach() in [APP\views\users\index.ctp, line 93]
2009-08-15 22:40:49 Warning: Warning (512): <span style = "color:Red;text-align:left"><b>SQL Error:</b> 1054: Unknown column 'UnlimitedTariff.unlimitedtariff_id' in 'on clause'</span> in [CORE\cake\libs\model\datasources\dbo_source.php, line 524]
2009-08-15 22:40:49 Warning: Warning (2): Invalid argument supplied for foreach() in [APP\views\users\index.ctp, line 93]
2009-08-15 22:40:50 Warning: Warning (512): <span style = "color:Red;text-align:left"><b>SQL Error:</b> 1054: Unknown column 'UnlimitedTariff.unlimitedtariff_id' in 'on clause'</span> in [CORE\cake\libs\model\datasources\dbo_source.php, line 524]
2009-08-15 22:40:50 Warning: Warning (2): Invalid argument supplied for foreach() in [APP\views\users\index.ctp, line 93]
2009-08-15 22:42:32 Warning: Warning (512): <span style = "color:Red;text-align:left"><b>SQL Error:</b> 1066: Not unique table/alias: 'User'</span> in [CORE\cake\libs\model\datasources\dbo_source.php, line 524]
2009-08-15 22:42:32 Warning: Warning (2): Invalid argument supplied for foreach() in [APP\views\users\index.ctp, line 93]
2009-08-15 22:42:34 Warning: Warning (512): <span style = "color:Red;text-align:left"><b>SQL Error:</b> 1066: Not unique table/alias: 'User'</span> in [CORE\cake\libs\model\datasources\dbo_source.php, line 524]
2009-08-15 22:42:34 Warning: Warning (2): Invalid argument supplied for foreach() in [APP\views\users\index.ctp, line 93]
2009-08-15 22:42:54 Warning: Warning (512): <span style = "color:Red;text-align:left"><b>SQL Error:</b> 1054: Unknown column 'Users.unlimitedtariff_id' in 'on clause'</span> in [CORE\cake\libs\model\datasources\dbo_source.php, line 524]
2009-08-15 22:42:54 Warning: Warning (2): Invalid argument supplied for foreach() in [APP\views\users\index.ctp, line 93]
2009-08-15 22:42:55 Warning: Warning (512): <span style = "color:Red;text-align:left"><b>SQL Error:</b> 1054: Unknown column 'Users.unlimitedtariff_id' in 'on clause'</span> in [CORE\cake\libs\model\datasources\dbo_source.php, line 524]
2009-08-15 22:42:55 Warning: Warning (2): Invalid argument supplied for foreach() in [APP\views\users\index.ctp, line 93]
2009-08-15 22:47:50 Warning: Warning (512): <span style = "color:Red;text-align:left"><b>SQL Error:</b> 1054: Unknown column 'UnlimitedTariffs.unlimitedtariff_id' in 'on clause'</span> in [CORE\cake\libs\model\datasources\dbo_source.php, line 524]
2009-08-15 22:47:50 Warning: Warning (2): Invalid argument supplied for foreach() in [APP\views\users\index.ctp, line 93]
2009-08-15 22:48:12 Warning: Warning (512): <span style = "color:Red;text-align:left"><b>SQL Error:</b> 1054: Unknown column 'Users.unlimitedtariff_id' in 'on clause'</span> in [CORE\cake\libs\model\datasources\dbo_source.php, line 524]
2009-08-15 22:48:12 Warning: Warning (2): Invalid argument supplied for foreach() in [APP\views\users\index.ctp, line 93]
2009-08-15 22:50:51 Warning: Warning (512): <span style = "color:Red;text-align:left"><b>SQL Error:</b> 1054: Unknown column 'Users.unlimitedtariff_id' in 'on clause'</span> in [CORE\cake\libs\model\datasources\dbo_source.php, line 524]
2009-08-15 22:50:51 Warning: Warning (2): Invalid argument supplied for foreach() in [APP\views\users\index.ctp, line 93]
2009-08-15 22:54:54 Warning: Warning (512): <span style = "color:Red;text-align:left"><b>SQL Error:</b> 1054: Unknown column 'UnlimitedTariff.user_id' in 'on clause'</span> in [CORE\cake\libs\model\datasources\dbo_source.php, line 524]
2009-08-15 22:54:55 Warning: Warning (2): Invalid argument supplied for foreach() in [APP\views\users\index.ctp, line 93]
2009-08-15 22:57:12 Warning: Warning (512): <span style = "color:Red;text-align:left"><b>SQL Error:</b> 1054: Unknown column 'User.unlimited_tariff_id' in 'on clause'</span> in [CORE\cake\libs\model\datasources\dbo_source.php, line 524]
2009-08-15 22:57:12 Warning: Warning (2): Invalid argument supplied for foreach() in [APP\views\users\index.ctp, line 93]
2009-08-16 21:00:41 Warning: Warning (512): <span style = "color:Red;text-align:left"><b>SQL Error:</b> 1064: You have an error in your SQL syntax; check the manual that corresponds to your MySQL server version for the right syntax to use near 'generateList' at line 1</span> in [CORE\cake\libs\model\datasources\dbo_source.php, line 524]
2009-08-16 21:01:39 Warning: Warning (512): <span style = "color:Red;text-align:left"><b>SQL Error:</b> 1064: You have an error in your SQL syntax; check the manual that corresponds to your MySQL server version for the right syntax to use near 'generateList' at line 1</span> in [CORE\cake\libs\model\datasources\dbo_source.php, line 524]
2009-08-16 21:01:39 Warning: Warning (512): <span style = "color:Red;text-align:left"><b>SQL Error:</b> 1064: You have an error in your SQL syntax; check the manual that corresponds to your MySQL server version for the right syntax to use near 'generateList' at line 1</span> in [CORE\cake\libs\model\datasources\dbo_source.php, line 524]
2009-08-16 21:02:40 Warning: Warning (512): <span style = "color:Red;text-align:left"><b>SQL Error:</b> 1064: You have an error in your SQL syntax; check the manual that corresponds to your MySQL server version for the right syntax to use near 'generateList' at line 1</span> in [CORE\cake\libs\model\datasources\dbo_source.php, line 524]
2009-08-16 21:02:41 Warning: Warning (512): <span style = "color:Red;text-align:left"><b>SQL Error:</b> 1064: You have an error in your SQL syntax; check the manual that corresponds to your MySQL server version for the right syntax to use near 'generateList' at line 1</span> in [CORE\cake\libs\model\datasources\dbo_source.php, line 524]
2009-08-16 21:18:45 Warning: Warning (512): <span style = "color:Red;text-align:left"><b>SQL Error:</b> 1064: You have an error in your SQL syntax; check the manual that corresponds to your MySQL server version for the right syntax to use near 'generateList' at line 1</span> in [CORE\cake\libs\model\datasources\dbo_source.php, line 524]
2009-08-16 21:18:46 Warning: Warning (512): <span style = "color:Red;text-align:left"><b>SQL Error:</b> 1064: You have an error in your SQL syntax; check the manual that corresponds to your MySQL server version for the right syntax to use near 'generateList' at line 1</span> in [CORE\cake\libs\model\datasources\dbo_source.php, line 524]
2009-08-19 12:46:11 Warning: Warning (2): session_regenerate_id() [<a href='http://php.net/function.session-regenerate-id'>function.session-regenerate-id</a>]: Session object destruction failed in [CORE\cake\libs\session.php, line 600]
2009-08-19 15:26:45 Warning: Warning (2): ssh2_auth_password() [<a href='http://php.net/function.ssh2-auth-password'>function.ssh2-auth-password</a>]: Authentication failed for  using password in [APP\vendors\mikrotik.php, line 11]
2009-08-19 15:38:44 Warning: Warning (2): ssh2_auth_password() [<a href='http://php.net/function.ssh2-auth-password'>function.ssh2-auth-password</a>]: Authentication failed for  using password in [APP\vendors\mikrotik.php, line 11]
2009-08-19 15:39:11 Warning: Warning (2): ssh2_auth_password() [<a href='http://php.net/function.ssh2-auth-password'>function.ssh2-auth-password</a>]: Authentication failed for  using password in [APP\vendors\mikrotik.php, line 11]
2009-08-19 16:32:53 Warning: Warning (2): ssh2_exec() [<a href='http://php.net/function.ssh2-exec'>function.ssh2-exec</a>]: Unable to request a channel from remote host in [APP\controllers\users_controller.php, line 49]
2009-08-19 16:34:14 Warning: Warning (2): ssh2_exec() [<a href='http://php.net/function.ssh2-exec'>function.ssh2-exec</a>]: Unable to request a channel from remote host in [APP\controllers\users_controller.php, line 49]
2009-08-19 16:37:00 Warning: Warning (2): Wrong parameter count for fclose() in [APP\controllers\users_controller.php, line 49]
2009-08-19 16:37:00 Warning: Warning (2): ssh2_exec() [<a href='http://php.net/function.ssh2-exec'>function.ssh2-exec</a>]: Unable to request a channel from remote host in [APP\controllers\users_controller.php, line 50]
2009-08-19 16:37:26 Warning: Warning (2): ssh2_exec() [<a href='http://php.net/function.ssh2-exec'>function.ssh2-exec</a>]: Unable to request a channel from remote host in [APP\controllers\users_controller.php, line 49]
2009-08-19 16:38:13 Warning: Warning (2): ssh2_exec() [<a href='http://php.net/function.ssh2-exec'>function.ssh2-exec</a>]: Unable to request a channel from remote host in [APP\controllers\users_controller.php, line 49]
2009-08-19 16:49:39 Warning: Warning (2): ssh2_exec() expects parameter 1 to be resource, null given in [APP\vendors\mikrotik.php, line 17]
2009-08-19 16:49:39 Warning: Warning (2): stream_set_blocking(): supplied argument is not a valid stream resource in [APP\vendors\mikrotik.php, line 18]
2009-08-19 16:49:39 Warning: Warning (2): fread(): supplied argument is not a valid stream resource in [APP\vendors\mikrotik.php, line 20]
2009-08-19 16:49:39 Warning: Warning (2): fclose(): supplied argument is not a valid stream resource in [APP\vendors\mikrotik.php, line 23]
2009-08-19 16:49:39 Warning: Warning (2): Cannot modify header information - headers already sent by (output started at D:\xampp\htdocs\billiwall\cake\basics.php:111) in [CORE\cake\libs\controller\controller.php, line 644]
2009-08-19 17:15:01 Warning: Warning (2): Invalid argument supplied for foreach() in [APP\views\users\take_payment.ctp, line 2]
2009-08-19 17:15:01 Warning: Warning (2): Invalid argument supplied for foreach() in [APP\views\users\take_payment.ctp, line 2]
2009-08-23 21:27:56 Warning: Warning (2): ssh2_auth_password() [<a href='http://php.net/function.ssh2-auth-password'>function.ssh2-auth-password</a>]: Authentication failed for  using password in [APP\vendors\mikrotik.php, line 12]
2009-08-23 21:35:25 Warning: Warning (2): ssh2_auth_password() [<a href='http://php.net/function.ssh2-auth-password'>function.ssh2-auth-password</a>]: Authentication failed for  using password in [APP\vendors\mikrotik.php, line 12]
2009-08-23 22:09:18 Warning: Warning (2): Cannot modify header information - headers already sent by (output started at D:\xampp\htdocs\billiwall\cake\basics.php:111) in [CORE\cake\libs\controller\controller.php, line 644]
2009-08-23 22:10:55 Warning: Warning (2): Cannot modify header information - headers already sent by (output started at D:\xampp\htdocs\billiwall\cake\basics.php:111) in [CORE\cake\libs\controller\controller.php, line 644]
2009-08-25 17:21:34 Warning: Warning (2): session_regenerate_id() [<a href='http://php.net/function.session-regenerate-id'>function.session-regenerate-id</a>]: Session object destruction failed in [CORE\cake\libs\session.php, line 600]
2009-08-25 17:34:13 Warning: Warning (2): session_start() [<a href='http://php.net/function.session-start'>function.session-start</a>]: open(\xampp\tmp\sess_705e056a41f0cc6433deeebf6486a5f3, O_RDWR) failed: Permission denied (13) in [CORE\cake\libs\session.php, line 540]
2009-08-25 17:34:13 Warning: Warning (2): session_start() [<a href='http://php.net/function.session-start'>function.session-start</a>]: Cannot send session cache limiter - headers already sent (output started at D:\xampp\htdocs\billiwall\cake\basics.php:111) in [CORE\cake\libs\session.php, line 540]
2009-08-25 17:34:13 Warning: Warning (2): Cannot modify header information - headers already sent by (output started at D:\xampp\htdocs\billiwall\cake\basics.php:111) in [CORE\cake\libs\session.php, line 541]
2009-08-25 22:24:22 Warning: Warning (2): Cannot modify header information - headers already sent by (output started at D:\xampp\htdocs\billiwall\cake\basics.php:111) in [CORE\cake\libs\controller\controller.php, line 644]
2009-08-31 16:58:53 Warning: Warning (512): <span style = "color:Red;text-align:left"><b>SQL Error:</b> 1054: Unknown column 'User.username' in 'where clause'</span> in [CORE\cake\libs\model\datasources\dbo_source.php, line 524]
2009-08-31 17:38:54 Warning: Warning (512): <span style = "color:Red;text-align:left"><b>SQL Error:</b> 1054: Unknown column 'User.username' in 'where clause'</span> in [CORE\cake\libs\model\datasources\dbo_source.php, line 524]
2009-08-31 17:41:14 Warning: Warning (512): <span style = "color:Red;text-align:left"><b>SQL Error:</b> 1054: Unknown column 'User.username' in 'where clause'</span> in [CORE\cake\libs\model\datasources\dbo_source.php, line 524]
2009-09-04 21:19:26 Warning: Warning (2): Cannot modify header information - headers already sent by (output started at D:\xampp\htdocs\billiwall\cake\basics.php:111) in [CORE\cake\libs\controller\controller.php, line 644]
2009-09-04 21:37:27 Warning: Warning (512): <span style = "color:Red;text-align:left"><b>SQL Error:</b> 1054: Unknown column 'User.username' in 'where clause'</span> in [CORE\cake\libs\model\datasources\dbo_source.php, line 524]
2009-09-04 21:38:03 Warning: Warning (512): <span style = "color:Red;text-align:left"><b>SQL Error:</b> 1054: Unknown column 'User.username' in 'where clause'</span> in [CORE\cake\libs\model\datasources\dbo_source.php, line 524]
2009-09-04 21:38:20 Warning: Warning (512): <span style = "color:Red;text-align:left"><b>SQL Error:</b> 1054: Unknown column 'User.username' in 'where clause'</span> in [CORE\cake\libs\model\datasources\dbo_source.php, line 524]
2009-09-04 21:42:10 Warning: Warning (512): <span style = "color:Red;text-align:left"><b>SQL Error:</b> 1054: Unknown column 'User.username' in 'where clause'</span> in [CORE\cake\libs\model\datasources\dbo_source.php, line 524]
2009-09-04 21:48:05 Warning: Warning (512): <span style = "color:Red;text-align:left"><b>SQL Error:</b> 1054: Unknown column 'User.username' in 'where clause'</span> in [CORE\cake\libs\model\datasources\dbo_source.php, line 524]
2009-09-04 21:49:22 Warning: Warning (512): <span style = "color:Red;text-align:left"><b>SQL Error:</b> 1054: Unknown column 'User.username' in 'where clause'</span> in [CORE\cake\libs\model\datasources\dbo_source.php, line 524]
2009-09-04 21:56:24 Warning: Warning (2): Wrong parameter count for log() in [APP\controllers\users_controller.php, line 19]
2009-09-04 21:58:34 Warning: Warning (512): <span style = "color:Red;text-align:left"><b>SQL Error:</b> 1054: Unknown column 'User.username' in 'where clause'</span> in [CORE\cake\libs\model\datasources\dbo_source.php, line 524]
2009-09-06 00:55:41 Warning: Warning (2): Cannot modify header information - headers already sent by (output started at D:\xampp\htdocs\billiwall\app\controllers\users_controller.php:9) in [CORE\cake\libs\controller\controller.php, line 644]
2009-09-06 18:40:23 Warning: Warning (2): Cannot modify header information - headers already sent by (output started at D:\xampp\htdocs\billiwall\app\controllers\users_controller.php:9) in [CORE\cake\libs\controller\controller.php, line 644]
2009-09-06 18:41:48 Warning: Warning (2): Cannot modify header information - headers already sent by (output started at D:\xampp\htdocs\billiwall\app\controllers\users_controller.php:9) in [CORE\cake\libs\controller\controller.php, line 644]
2009-09-06 19:21:09 Warning: Warning (512): Users::isAuthorized() is not defined. in [CORE\cake\libs\controller\controller.php, line 707]
2009-09-06 19:21:09 Warning: Warning (2): Cannot modify header information - headers already sent by (output started at D:\xampp\htdocs\billiwall\cake\basics.php:111) in [CORE\cake\libs\controller\controller.php, line 644]
2009-09-06 20:44:36 Warning: Warning (512): Users::isAuthorized() is not defined. in [CORE\cake\libs\controller\controller.php, line 707]
2009-09-06 20:44:36 Warning: Warning (2): Cannot modify header information - headers already sent by (output started at D:\xampp\htdocs\billiwall\cake\basics.php:111) in [CORE\cake\libs\controller\controller.php, line 644]
2009-09-06 20:47:32 Warning: Warning (512): Users::isAuthorized() is not defined. in [CORE\cake\libs\controller\controller.php, line 707]
2009-09-06 20:47:32 Warning: Warning (2): Cannot modify header information - headers already sent by (output started at D:\xampp\htdocs\billiwall\cake\basics.php:111) in [CORE\cake\libs\controller\controller.php, line 644]
2009-09-06 20:53:03 Warning: Warning (512): Users::isAuthorized() is not defined. in [CORE\cake\libs\controller\controller.php, line 707]
2009-09-06 20:53:03 Warning: Warning (2): Cannot modify header information - headers already sent by (output started at D:\xampp\htdocs\billiwall\cake\basics.php:111) in [CORE\cake\libs\controller\controller.php, line 644]
2009-09-06 20:59:52 Warning: Warning (512): Users::isAuthorized() is not defined. in [CORE\cake\libs\controller\controller.php, line 707]
2009-09-06 20:59:52 Warning: Warning (2): Cannot modify header information - headers already sent by (output started at D:\xampp\htdocs\billiwall\cake\basics.php:111) in [CORE\cake\libs\controller\controller.php, line 644]
2009-09-06 21:00:10 Warning: Warning (512): Users::isAuthorized() is not defined. in [CORE\cake\libs\controller\controller.php, line 707]
2009-09-06 21:00:10 Warning: Warning (2): Cannot modify header information - headers already sent by (output started at D:\xampp\htdocs\billiwall\cake\basics.php:111) in [CORE\cake\libs\controller\controller.php, line 644]
2009-09-06 22:03:10 Warning: Warning (2): Cannot modify header information - headers already sent by (output started at D:\xampp\htdocs\billiwall\cake\basics.php:111) in [CORE\cake\libs\controller\controller.php, line 644]
2009-09-08 21:30:29 Warning: Warning (2): array_merge() [<a href='http://php.net/function.array-merge'>function.array-merge</a>]: Argument #2 is not an array in [CORE\cake\libs\view\helpers\form.php, line 175]
2009-09-08 21:32:27 Warning: Warning (2): array_merge() [<a href='http://php.net/function.array-merge'>function.array-merge</a>]: Argument #2 is not an array in [CORE\cake\libs\view\helpers\form.php, line 175]
2009-09-08 21:33:00 Warning: Warning (2): array_merge() [<a href='http://php.net/function.array-merge'>function.array-merge</a>]: Argument #2 is not an array in [CORE\cake\libs\view\helpers\form.php, line 175]
2009-09-13 12:16:20 Warning: Warning (2): array_merge() [<a href='http://php.net/function.array-merge'>function.array-merge</a>]: Argument #2 is not an array in [CORE\cake\libs\view\helpers\form.php, line 175]
2009-09-13 12:16:33 Warning: Warning (2): array_merge() [<a href='http://php.net/function.array-merge'>function.array-merge</a>]: Argument #2 is not an array in [CORE\cake\libs\view\helpers\form.php, line 175]
2009-09-13 12:16:47 Warning: Warning (2): array_merge() [<a href='http://php.net/function.array-merge'>function.array-merge</a>]: Argument #2 is not an array in [CORE\cake\libs\view\helpers\form.php, line 175]
2009-09-13 12:16:58 Warning: Warning (2): array_merge() [<a href='http://php.net/function.array-merge'>function.array-merge</a>]: Argument #2 is not an array in [CORE\cake\libs\view\helpers\form.php, line 175]
2009-09-13 12:18:04 Warning: Warning (2): array_merge() [<a href='http://php.net/function.array-merge'>function.array-merge</a>]: Argument #2 is not an array in [CORE\cake\libs\view\helpers\form.php, line 175]
2009-09-13 12:18:43 Warning: Warning (2): array_merge() [<a href='http://php.net/function.array-merge'>function.array-merge</a>]: Argument #2 is not an array in [CORE\cake\libs\view\helpers\form.php, line 175]
2009-09-13 12:22:23 Warning: Warning (2): array_merge() [<a href='http://php.net/function.array-merge'>function.array-merge</a>]: Argument #2 is not an array in [CORE\cake\libs\view\helpers\form.php, line 175]
2009-09-13 12:22:43 Warning: Warning (2): array_merge() [<a href='http://php.net/function.array-merge'>function.array-merge</a>]: Argument #2 is not an array in [CORE\cake\libs\view\helpers\form.php, line 175]
2009-09-13 12:28:05 Warning: Warning (2): array_merge() [<a href='http://php.net/function.array-merge'>function.array-merge</a>]: Argument #2 is not an array in [CORE\cake\libs\view\helpers\form.php, line 175]
2009-09-13 12:28:13 Warning: Warning (512): Users::isAuthorized() is not defined. in [CORE\cake\libs\controller\controller.php, line 707]
2009-09-13 12:28:13 Warning: Warning (2): Cannot modify header information - headers already sent by (output started at D:\xampp\htdocs\billiwall\cake\basics.php:111) in [CORE\cake\libs\controller\controller.php, line 644]
2009-09-13 12:30:23 Warning: Warning (2): array_merge() [<a href='http://php.net/function.array-merge'>function.array-merge</a>]: Argument #2 is not an array in [CORE\cake\libs\view\helpers\form.php, line 175]
2009-09-13 12:38:58 Warning: Warning (2): array_merge() [<a href='http://php.net/function.array-merge'>function.array-merge</a>]: Argument #2 is not an array in [CORE\cake\libs\view\helpers\form.php, line 175]
2009-09-13 12:39:43 Warning: Warning (2): array_merge() [<a href='http://php.net/function.array-merge'>function.array-merge</a>]: Argument #2 is not an array in [CORE\cake\libs\view\helpers\form.php, line 175]
2009-09-13 13:37:30 Warning: Warning (2): array_merge() [<a href='http://php.net/function.array-merge'>function.array-merge</a>]: Argument #2 is not an array in [CORE\cake\libs\view\helpers\form.php, line 175]
2009-09-13 13:58:44 Warning: Warning (2): array_merge() [<a href='http://php.net/function.array-merge'>function.array-merge</a>]: Argument #2 is not an array in [CORE\cake\libs\view\helpers\form.php, line 175]
2009-09-13 13:59:04 Warning: Warning (2): array_merge() [<a href='http://php.net/function.array-merge'>function.array-merge</a>]: Argument #2 is not an array in [CORE\cake\libs\view\helpers\form.php, line 175]
2009-09-13 13:59:35 Warning: Warning (2): array_merge() [<a href='http://php.net/function.array-merge'>function.array-merge</a>]: Argument #2 is not an array in [CORE\cake\libs\view\helpers\form.php, line 175]
2009-09-13 14:00:10 Warning: Warning (2): array_merge() [<a href='http://php.net/function.array-merge'>function.array-merge</a>]: Argument #2 is not an array in [CORE\cake\libs\view\helpers\form.php, line 175]
2009-09-13 14:02:36 Warning: Warning (2): array_merge() [<a href='http://php.net/function.array-merge'>function.array-merge</a>]: Argument #2 is not an array in [CORE\cake\libs\view\helpers\form.php, line 175]
2009-09-13 14:03:01 Warning: Warning (2): array_merge() [<a href='http://php.net/function.array-merge'>function.array-merge</a>]: Argument #2 is not an array in [CORE\cake\libs\view\helpers\form.php, line 175]
2009-09-13 14:03:27 Warning: Warning (2): array_merge() [<a href='http://php.net/function.array-merge'>function.array-merge</a>]: Argument #2 is not an array in [CORE\cake\libs\view\helpers\form.php, line 175]
2009-09-13 14:03:46 Warning: Warning (2): array_merge() [<a href='http://php.net/function.array-merge'>function.array-merge</a>]: Argument #2 is not an array in [CORE\cake\libs\view\helpers\form.php, line 175]
2009-09-13 14:03:56 Warning: Warning (2): array_merge() [<a href='http://php.net/function.array-merge'>function.array-merge</a>]: Argument #2 is not an array in [CORE\cake\libs\view\helpers\form.php, line 175]
2009-09-13 14:04:27 Warning: Warning (2): array_merge() [<a href='http://php.net/function.array-merge'>function.array-merge</a>]: Argument #2 is not an array in [CORE\cake\libs\view\helpers\form.php, line 175]
2009-09-13 14:05:31 Warning: Warning (2): array_merge() [<a href='http://php.net/function.array-merge'>function.array-merge</a>]: Argument #2 is not an array in [CORE\cake\libs\view\helpers\form.php, line 175]
2009-09-13 14:06:00 Warning: Warning (2): array_merge() [<a href='http://php.net/function.array-merge'>function.array-merge</a>]: Argument #2 is not an array in [CORE\cake\libs\view\helpers\form.php, line 175]
2009-09-13 14:06:36 Warning: Warning (2): array_merge() [<a href='http://php.net/function.array-merge'>function.array-merge</a>]: Argument #2 is not an array in [CORE\cake\libs\view\helpers\form.php, line 175]
2009-09-13 14:06:46 Warning: Warning (2): array_merge() [<a href='http://php.net/function.array-merge'>function.array-merge</a>]: Argument #2 is not an array in [CORE\cake\libs\view\helpers\form.php, line 175]
2009-09-13 14:07:16 Warning: Warning (2): array_merge() [<a href='http://php.net/function.array-merge'>function.array-merge</a>]: Argument #2 is not an array in [CORE\cake\libs\view\helpers\form.php, line 175]
2009-09-13 14:07:21 Warning: Warning (2): array_merge() [<a href='http://php.net/function.array-merge'>function.array-merge</a>]: Argument #2 is not an array in [CORE\cake\libs\view\helpers\form.php, line 175]
2009-09-13 14:08:56 Warning: Warning (2): array_merge() [<a href='http://php.net/function.array-merge'>function.array-merge</a>]: Argument #2 is not an array in [CORE\cake\libs\view\helpers\form.php, line 175]
2009-09-13 14:09:44 Warning: Warning (2): array_merge() [<a href='http://php.net/function.array-merge'>function.array-merge</a>]: Argument #2 is not an array in [CORE\cake\libs\view\helpers\form.php, line 175]
2009-09-13 14:10:11 Warning: Warning (2): array_merge() [<a href='http://php.net/function.array-merge'>function.array-merge</a>]: Argument #2 is not an array in [CORE\cake\libs\view\helpers\form.php, line 175]
2009-09-13 14:10:27 Warning: Warning (2): array_merge() [<a href='http://php.net/function.array-merge'>function.array-merge</a>]: Argument #2 is not an array in [CORE\cake\libs\view\helpers\form.php, line 175]
2009-09-13 14:11:10 Warning: Warning (2): array_merge() [<a href='http://php.net/function.array-merge'>function.array-merge</a>]: Argument #2 is not an array in [CORE\cake\libs\view\helpers\form.php, line 175]
2009-09-13 14:11:31 Warning: Warning (2): array_merge() [<a href='http://php.net/function.array-merge'>function.array-merge</a>]: Argument #2 is not an array in [CORE\cake\libs\view\helpers\form.php, line 175]
2009-09-13 14:12:03 Warning: Warning (2): array_merge() [<a href='http://php.net/function.array-merge'>function.array-merge</a>]: Argument #2 is not an array in [CORE\cake\libs\view\helpers\form.php, line 175]
2009-09-13 14:12:28 Warning: Warning (2): array_merge() [<a href='http://php.net/function.array-merge'>function.array-merge</a>]: Argument #2 is not an array in [CORE\cake\libs\view\helpers\form.php, line 175]
2009-09-13 14:12:52 Warning: Warning (2): array_merge() [<a href='http://php.net/function.array-merge'>function.array-merge</a>]: Argument #2 is not an array in [CORE\cake\libs\view\helpers\form.php, line 175]
2009-09-13 14:13:26 Warning: Warning (2): array_merge() [<a href='http://php.net/function.array-merge'>function.array-merge</a>]: Argument #2 is not an array in [CORE\cake\libs\view\helpers\form.php, line 175]
2009-09-13 14:14:19 Warning: Warning (2): array_merge() [<a href='http://php.net/function.array-merge'>function.array-merge</a>]: Argument #2 is not an array in [CORE\cake\libs\view\helpers\form.php, line 175]
2009-09-13 14:14:39 Warning: Warning (2): array_merge() [<a href='http://php.net/function.array-merge'>function.array-merge</a>]: Argument #2 is not an array in [CORE\cake\libs\view\helpers\form.php, line 175]
2009-09-13 14:14:51 Warning: Warning (2): array_merge() [<a href='http://php.net/function.array-merge'>function.array-merge</a>]: Argument #2 is not an array in [CORE\cake\libs\view\helpers\form.php, line 175]
2009-09-13 14:15:07 Warning: Warning (2): array_merge() [<a href='http://php.net/function.array-merge'>function.array-merge</a>]: Argument #2 is not an array in [CORE\cake\libs\view\helpers\form.php, line 175]
2009-09-13 14:15:14 Warning: Warning (2): array_merge() [<a href='http://php.net/function.array-merge'>function.array-merge</a>]: Argument #2 is not an array in [CORE\cake\libs\view\helpers\form.php, line 175]
2009-09-13 14:16:12 Warning: Warning (2): array_merge() [<a href='http://php.net/function.array-merge'>function.array-merge</a>]: Argument #2 is not an array in [CORE\cake\libs\view\helpers\form.php, line 175]
2009-09-13 14:16:52 Warning: Warning (2): array_merge() [<a href='http://php.net/function.array-merge'>function.array-merge</a>]: Argument #2 is not an array in [CORE\cake\libs\view\helpers\form.php, line 175]
2009-09-13 14:17:15 Warning: Warning (2): array_merge() [<a href='http://php.net/function.array-merge'>function.array-merge</a>]: Argument #2 is not an array in [CORE\cake\libs\view\helpers\form.php, line 175]
2009-09-13 14:17:25 Warning: Warning (2): array_merge() [<a href='http://php.net/function.array-merge'>function.array-merge</a>]: Argument #2 is not an array in [CORE\cake\libs\view\helpers\form.php, line 175]
2009-09-13 14:17:48 Warning: Warning (2): array_merge() [<a href='http://php.net/function.array-merge'>function.array-merge</a>]: Argument #2 is not an array in [CORE\cake\libs\view\helpers\form.php, line 175]
2009-09-13 14:17:55 Warning: Warning (2): array_merge() [<a href='http://php.net/function.array-merge'>function.array-merge</a>]: Argument #2 is not an array in [CORE\cake\libs\view\helpers\form.php, line 175]
2009-09-13 14:19:33 Warning: Warning (2): array_merge() [<a href='http://php.net/function.array-merge'>function.array-merge</a>]: Argument #2 is not an array in [CORE\cake\libs\view\helpers\form.php, line 175]
2009-09-13 14:22:06 Warning: Warning (2): array_merge() [<a href='http://php.net/function.array-merge'>function.array-merge</a>]: Argument #2 is not an array in [CORE\cake\libs\view\helpers\form.php, line 175]
2009-09-13 14:23:14 Warning: Warning (2): array_merge() [<a href='http://php.net/function.array-merge'>function.array-merge</a>]: Argument #2 is not an array in [CORE\cake\libs\view\helpers\form.php, line 175]
2009-09-13 14:23:31 Warning: Warning (2): array_merge() [<a href='http://php.net/function.array-merge'>function.array-merge</a>]: Argument #2 is not an array in [CORE\cake\libs\view\helpers\form.php, line 175]
2009-09-13 14:24:00 Warning: Warning (2): array_merge() [<a href='http://php.net/function.array-merge'>function.array-merge</a>]: Argument #2 is not an array in [CORE\cake\libs\view\helpers\form.php, line 175]
2009-09-13 14:24:06 Warning: Warning (2): array_merge() [<a href='http://php.net/function.array-merge'>function.array-merge</a>]: Argument #2 is not an array in [CORE\cake\libs\view\helpers\form.php, line 175]
2009-09-13 14:24:41 Warning: Warning (2): array_merge() [<a href='http://php.net/function.array-merge'>function.array-merge</a>]: Argument #2 is not an array in [CORE\cake\libs\view\helpers\form.php, line 175]
2009-09-13 14:25:40 Warning: Warning (2): array_merge() [<a href='http://php.net/function.array-merge'>function.array-merge</a>]: Argument #2 is not an array in [CORE\cake\libs\view\helpers\form.php, line 175]
2009-09-13 14:31:40 Warning: Warning (2): array_merge() [<a href='http://php.net/function.array-merge'>function.array-merge</a>]: Argument #2 is not an array in [CORE\cake\libs\view\helpers\form.php, line 175]
2009-09-13 14:33:51 Warning: Warning (2): array_merge() [<a href='http://php.net/function.array-merge'>function.array-merge</a>]: Argument #2 is not an array in [CORE\cake\libs\view\helpers\form.php, line 175]
2009-09-13 14:35:46 Warning: Warning (2): array_merge() [<a href='http://php.net/function.array-merge'>function.array-merge</a>]: Argument #2 is not an array in [CORE\cake\libs\view\helpers\form.php, line 175]
2009-09-13 14:36:37 Warning: Warning (2): array_merge() [<a href='http://php.net/function.array-merge'>function.array-merge</a>]: Argument #2 is not an array in [CORE\cake\libs\view\helpers\form.php, line 175]
2009-09-13 14:38:51 Warning: Warning (2): array_merge() [<a href='http://php.net/function.array-merge'>function.array-merge</a>]: Argument #2 is not an array in [CORE\cake\libs\view\helpers\form.php, line 175]
2009-09-13 14:40:47 Warning: Warning (2): array_merge() [<a href='http://php.net/function.array-merge'>function.array-merge</a>]: Argument #2 is not an array in [CORE\cake\libs\view\helpers\form.php, line 175]
2009-09-13 14:56:59 Warning: Warning (2): array_merge() [<a href='http://php.net/function.array-merge'>function.array-merge</a>]: Argument #2 is not an array in [CORE\cake\libs\view\helpers\form.php, line 175]
2009-09-13 14:56:59 Warning: Warning (512): Method HtmlHelper::img does not exist in [CORE\cake\libs\view\helper.php, line 143]
2009-09-13 14:57:09 Warning: Warning (2): array_merge() [<a href='http://php.net/function.array-merge'>function.array-merge</a>]: Argument #2 is not an array in [CORE\cake\libs\view\helpers\form.php, line 175]
2009-09-13 15:00:39 Warning: Warning (2): array_merge() [<a href='http://php.net/function.array-merge'>function.array-merge</a>]: Argument #2 is not an array in [CORE\cake\libs\view\helpers\form.php, line 175]
2009-09-13 15:02:42 Warning: Warning (2): array_merge() [<a href='http://php.net/function.array-merge'>function.array-merge</a>]: Argument #2 is not an array in [CORE\cake\libs\view\helpers\form.php, line 175]
2009-09-13 15:02:56 Warning: Warning (2): array_merge() [<a href='http://php.net/function.array-merge'>function.array-merge</a>]: Argument #2 is not an array in [CORE\cake\libs\view\helpers\form.php, line 175]
2009-09-13 15:03:44 Warning: Warning (2): array_merge() [<a href='http://php.net/function.array-merge'>function.array-merge</a>]: Argument #2 is not an array in [CORE\cake\libs\view\helpers\form.php, line 175]
2009-09-13 15:04:11 Warning: Warning (2): array_merge() [<a href='http://php.net/function.array-merge'>function.array-merge</a>]: Argument #2 is not an array in [CORE\cake\libs\view\helpers\form.php, line 175]
2009-09-13 15:04:43 Warning: Warning (2): array_merge() [<a href='http://php.net/function.array-merge'>function.array-merge</a>]: Argument #2 is not an array in [CORE\cake\libs\view\helpers\form.php, line 175]
2009-09-13 15:05:44 Warning: Warning (2): array_merge() [<a href='http://php.net/function.array-merge'>function.array-merge</a>]: Argument #2 is not an array in [CORE\cake\libs\view\helpers\form.php, line 175]
2009-09-13 15:06:36 Warning: Warning (2): array_merge() [<a href='http://php.net/function.array-merge'>function.array-merge</a>]: Argument #2 is not an array in [CORE\cake\libs\view\helpers\form.php, line 175]
2009-09-13 15:06:52 Warning: Warning (2): array_merge() [<a href='http://php.net/function.array-merge'>function.array-merge</a>]: Argument #2 is not an array in [CORE\cake\libs\view\helpers\form.php, line 175]
2009-09-13 15:06:59 Warning: Warning (2): array_merge() [<a href='http://php.net/function.array-merge'>function.array-merge</a>]: Argument #2 is not an array in [CORE\cake\libs\view\helpers\form.php, line 175]
2009-09-13 15:08:13 Warning: Warning (2): array_merge() [<a href='http://php.net/function.array-merge'>function.array-merge</a>]: Argument #2 is not an array in [CORE\cake\libs\view\helpers\form.php, line 175]
2009-09-13 15:59:55 Warning: Warning (2): array_merge() [<a href='http://php.net/function.array-merge'>function.array-merge</a>]: Argument #2 is not an array in [CORE\cake\libs\view\helpers\form.php, line 175]
2009-09-13 16:01:44 Warning: Warning (2): array_merge() [<a href='http://php.net/function.array-merge'>function.array-merge</a>]: Argument #2 is not an array in [CORE\cake\libs\view\helpers\form.php, line 175]
2009-09-13 17:39:57 Warning: Warning (2): array_merge() [<a href='http://php.net/function.array-merge'>function.array-merge</a>]: Argument #2 is not an array in [CORE\cake\libs\view\helpers\form.php, line 175]
2009-09-13 17:40:17 Warning: Warning (2): array_merge() [<a href='http://php.net/function.array-merge'>function.array-merge</a>]: Argument #2 is not an array in [CORE\cake\libs\view\helpers\form.php, line 175]
2009-09-13 17:40:54 Warning: Warning (2): array_merge() [<a href='http://php.net/function.array-merge'>function.array-merge</a>]: Argument #2 is not an array in [CORE\cake\libs\view\helpers\form.php, line 175]
2009-09-13 17:41:05 Warning: Warning (2): array_merge() [<a href='http://php.net/function.array-merge'>function.array-merge</a>]: Argument #2 is not an array in [CORE\cake\libs\view\helpers\form.php, line 175]
2009-09-13 18:55:02 Warning: Warning (2): array_merge() [<a href='http://php.net/function.array-merge'>function.array-merge</a>]: Argument #2 is not an array in [CORE\cake\libs\view\helpers\form.php, line 175]
2009-09-13 19:12:52 Warning: Warning (2): array_merge() [<a href='http://php.net/function.array-merge'>function.array-merge</a>]: Argument #2 is not an array in [CORE\cake\libs\view\helpers\form.php, line 175]
2009-09-13 19:13:09 Warning: Warning (2): array_merge() [<a href='http://php.net/function.array-merge'>function.array-merge</a>]: Argument #2 is not an array in [CORE\cake\libs\view\helpers\form.php, line 175]
2009-09-13 19:20:34 Warning: Warning (2): array_merge() [<a href='http://php.net/function.array-merge'>function.array-merge</a>]: Argument #2 is not an array in [CORE\cake\libs\view\helpers\form.php, line 175]
2009-09-13 19:21:24 Warning: Warning (2): array_merge() [<a href='http://php.net/function.array-merge'>function.array-merge</a>]: Argument #2 is not an array in [CORE\cake\libs\view\helpers\form.php, line 175]
2009-09-13 20:25:00 Warning: Warning (2): in_array() [<a href='http://php.net/function.in-array'>function.in-array</a>]: Wrong datatype for second argument in [APP\controllers\users_controller.php, line 12]
2009-09-13 20:25:00 Warning: Warning (2): Cannot modify header information - headers already sent by (output started at D:\xampp\htdocs\billiwall\cake\basics.php:111) in [CORE\cake\libs\controller\controller.php, line 644]
2009-09-13 20:25:16 Warning: Warning (2): in_array() [<a href='http://php.net/function.in-array'>function.in-array</a>]: Wrong datatype for second argument in [APP\controllers\users_controller.php, line 12]
2009-09-13 20:25:16 Warning: Warning (2): Cannot modify header information - headers already sent by (output started at D:\xampp\htdocs\billiwall\cake\basics.php:111) in [CORE\cake\libs\controller\controller.php, line 644]
2009-09-13 20:26:17 Warning: Warning (2): array_merge() [<a href='http://php.net/function.array-merge'>function.array-merge</a>]: Argument #2 is not an array in [CORE\cake\libs\view\helpers\form.php, line 175]
2009-09-13 20:27:14 Warning: Warning (2): array_merge() [<a href='http://php.net/function.array-merge'>function.array-merge</a>]: Argument #2 is not an array in [CORE\cake\libs\view\helpers\form.php, line 175]
2009-09-13 20:29:49 Warning: Warning (2): array_merge() [<a href='http://php.net/function.array-merge'>function.array-merge</a>]: Argument #2 is not an array in [CORE\cake\libs\view\helpers\form.php, line 175]
2009-09-19 18:40:20 Warning: Warning (2): array_merge() [<a href='http://php.net/function.array-merge'>function.array-merge</a>]: Argument #2 is not an array in [CORE\cake\libs\view\helpers\form.php, line 175]
2009-09-19 19:13:37 Warning: Warning (2): array_merge() [<a href='http://php.net/function.array-merge'>function.array-merge</a>]: Argument #2 is not an array in [CORE\cake\libs\view\helpers\form.php, line 175]
2009-09-19 19:17:44 Warning: Warning (2): array_merge() [<a href='http://php.net/function.array-merge'>function.array-merge</a>]: Argument #2 is not an array in [CORE\cake\libs\view\helpers\form.php, line 175]
2009-09-19 19:28:40 Warning: Warning (2): array_merge() [<a href='http://php.net/function.array-merge'>function.array-merge</a>]: Argument #2 is not an array in [CORE\cake\libs\view\helpers\form.php, line 175]
2009-09-19 19:30:33 Warning: Warning (2): array_merge() [<a href='http://php.net/function.array-merge'>function.array-merge</a>]: Argument #2 is not an array in [CORE\cake\libs\view\helpers\form.php, line 175]
2009-09-19 19:31:30 Warning: Warning (2): array_merge() [<a href='http://php.net/function.array-merge'>function.array-merge</a>]: Argument #2 is not an array in [CORE\cake\libs\view\helpers\form.php, line 175]
2009-09-19 19:39:38 Warning: Warning (2): array_merge() [<a href='http://php.net/function.array-merge'>function.array-merge</a>]: Argument #2 is not an array in [CORE\cake\libs\view\helpers\form.php, line 175]
2009-09-19 19:39:52 Warning: Warning (2): array_merge() [<a href='http://php.net/function.array-merge'>function.array-merge</a>]: Argument #2 is not an array in [CORE\cake\libs\view\helpers\form.php, line 175]
2009-09-19 19:42:44 Warning: Warning (2): array_merge() [<a href='http://php.net/function.array-merge'>function.array-merge</a>]: Argument #2 is not an array in [CORE\cake\libs\view\helpers\form.php, line 175]
2009-09-19 19:46:45 Warning: Warning (2): array_merge() [<a href='http://php.net/function.array-merge'>function.array-merge</a>]: Argument #2 is not an array in [CORE\cake\libs\view\helpers\form.php, line 175]
2009-09-19 19:47:02 Warning: Warning (2): array_merge() [<a href='http://php.net/function.array-merge'>function.array-merge</a>]: Argument #2 is not an array in [CORE\cake\libs\view\helpers\form.php, line 175]
2009-09-19 20:00:18 Warning: Warning (2): array_merge() [<a href='http://php.net/function.array-merge'>function.array-merge</a>]: Argument #2 is not an array in [CORE\cake\libs\view\helpers\form.php, line 175]
2009-09-19 20:01:28 Warning: Warning (2): array_merge() [<a href='http://php.net/function.array-merge'>function.array-merge</a>]: Argument #2 is not an array in [CORE\cake\libs\view\helpers\form.php, line 175]
2009-09-19 20:04:44 Warning: Warning (2): array_merge() [<a href='http://php.net/function.array-merge'>function.array-merge</a>]: Argument #2 is not an array in [CORE\cake\libs\view\helpers\form.php, line 175]
2009-09-19 20:08:58 Warning: Warning (2): array_merge() [<a href='http://php.net/function.array-merge'>function.array-merge</a>]: Argument #2 is not an array in [CORE\cake\libs\view\helpers\form.php, line 175]
2009-09-19 20:10:32 Warning: Warning (2): array_merge() [<a href='http://php.net/function.array-merge'>function.array-merge</a>]: Argument #2 is not an array in [CORE\cake\libs\view\helpers\form.php, line 175]
2009-09-19 20:12:14 Warning: Warning (2): array_merge() [<a href='http://php.net/function.array-merge'>function.array-merge</a>]: Argument #2 is not an array in [CORE\cake\libs\view\helpers\form.php, line 175]
2009-09-19 20:15:06 Warning: Warning (2): array_merge() [<a href='http://php.net/function.array-merge'>function.array-merge</a>]: Argument #2 is not an array in [CORE\cake\libs\view\helpers\form.php, line 175]
2009-09-19 20:15:34 Warning: Warning (2): array_merge() [<a href='http://php.net/function.array-merge'>function.array-merge</a>]: Argument #2 is not an array in [CORE\cake\libs\view\helpers\form.php, line 175]
2009-09-19 20:16:01 Warning: Warning (2): array_merge() [<a href='http://php.net/function.array-merge'>function.array-merge</a>]: Argument #2 is not an array in [CORE\cake\libs\view\helpers\form.php, line 175]
2009-09-19 20:16:35 Warning: Warning (2): array_merge() [<a href='http://php.net/function.array-merge'>function.array-merge</a>]: Argument #2 is not an array in [CORE\cake\libs\view\helpers\form.php, line 175]
2009-09-19 20:21:38 Warning: Warning (2): array_merge() [<a href='http://php.net/function.array-merge'>function.array-merge</a>]: Argument #2 is not an array in [CORE\cake\libs\view\helpers\form.php, line 175]
2009-09-19 20:24:19 Warning: Warning (512): <span style = "color:Red;text-align:left"><b>SQL Error:</b> 1048: Column 'balance' cannot be null</span> in [CORE\cake\libs\model\datasources\dbo_source.php, line 524]
2009-09-19 20:26:56 Warning: Warning (512): <span style = "color:Red;text-align:left"><b>SQL Error:</b> 1048: Column 'balance' cannot be null</span> in [CORE\cake\libs\model\datasources\dbo_source.php, line 524]
2009-09-30 19:58:00 Warning: Warning (2): Cannot modify header information - headers already sent by (output started at D:\xampp\htdocs\billiwall\cake\basics.php:111) in [CORE\cake\libs\controller\controller.php, line 644]
2009-09-30 20:00:24 Warning: Warning (2): Cannot modify header information - headers already sent by (output started at D:\xampp\htdocs\billiwall\cake\basics.php:111) in [CORE\cake\libs\controller\controller.php, line 644]
2009-10-04 16:54:08 Warning: Warning (512): UnlimitedTariffs::isAuthorized() is not defined. in [CORE\cake\libs\controller\controller.php, line 707]
2009-10-04 16:54:08 Warning: Warning (2): Cannot modify header information - headers already sent by (output started at D:\xampp\htdocs\billiwall\cake\basics.php:109) in [CORE\cake\libs\controller\controller.php, line 644]
2009-10-04 16:55:19 Warning: Warning (512): UnlimitedTariffs::isAuthorized() is not defined. in [CORE\cake\libs\controller\controller.php, line 707]
2009-10-04 16:55:19 Warning: Warning (2): Cannot modify header information - headers already sent by (output started at D:\xampp\htdocs\billiwall\cake\basics.php:109) in [CORE\cake\libs\controller\controller.php, line 644]
2009-10-04 16:55:22 Warning: Warning (512): UnlimitedTariffs::isAuthorized() is not defined. in [CORE\cake\libs\controller\controller.php, line 707]
2009-10-04 16:55:22 Warning: Warning (2): Cannot modify header information - headers already sent by (output started at D:\xampp\htdocs\billiwall\cake\basics.php:109) in [CORE\cake\libs\controller\controller.php, line 644]
2009-10-17 13:03:52 Warning: Warning (512): <span style = "color:Red;text-align:left"><b>SQL Error:</b> 1054: Unknown column 'UnlimitedTariff.name' in 'field list'</span> in [CORE\cake\libs\model\datasources\dbo_source.php, line 525]
2009-10-17 13:04:18 Warning: Warning (512): <span style = "color:Red;text-align:left"><b>SQL Error:</b> 1054: Unknown column 'User.name' in 'field list'</span> in [CORE\cake\libs\model\datasources\dbo_source.php, line 525]
2009-10-17 13:04:19 Warning: Warning (512): <span style = "color:Red;text-align:left"><b>SQL Error:</b> 1054: Unknown column 'User.name' in 'field list'</span> in [CORE\cake\libs\model\datasources\dbo_source.php, line 525]
2009-10-17 13:04:45 Warning: Warning (512): <span style = "color:Red;text-align:left"><b>SQL Error:</b> 1054: Unknown column 'User.name' in 'field list'</span> in [CORE\cake\libs\model\datasources\dbo_source.php, line 525]
2009-10-17 13:04:46 Warning: Warning (512): <span style = "color:Red;text-align:left"><b>SQL Error:</b> 1054: Unknown column 'User.name' in 'field list'</span> in [CORE\cake\libs\model\datasources\dbo_source.php, line 525]
2009-10-17 13:05:07 Warning: Warning (512): <span style = "color:Red;text-align:left"><b>SQL Error:</b> 1054: Unknown column 'User.name' in 'field list'</span> in [CORE\cake\libs\model\datasources\dbo_source.php, line 525]
2009-10-17 13:05:08 Warning: Warning (512): <span style = "color:Red;text-align:left"><b>SQL Error:</b> 1054: Unknown column 'User.name' in 'field list'</span> in [CORE\cake\libs\model\datasources\dbo_source.php, line 525]
2009-10-17 13:05:33 Warning: Warning (512): <span style = "color:Red;text-align:left"><b>SQL Error:</b> 1054: Unknown column 'User.name' in 'field list'</span> in [CORE\cake\libs\model\datasources\dbo_source.php, line 525]
2009-10-17 13:05:35 Warning: Warning (512): <span style = "color:Red;text-align:left"><b>SQL Error:</b> 1054: Unknown column 'User.name' in 'field list'</span> in [CORE\cake\libs\model\datasources\dbo_source.php, line 525]
2009-10-17 13:05:50 Warning: Warning (512): <span style = "color:Red;text-align:left"><b>SQL Error:</b> 1054: Unknown column 'login.name' in 'field list'</span> in [CORE\cake\libs\model\datasources\dbo_source.php, line 525]
2009-10-17 13:05:51 Warning: Warning (512): <span style = "color:Red;text-align:left"><b>SQL Error:</b> 1054: Unknown column 'login.name' in 'field list'</span> in [CORE\cake\libs\model\datasources\dbo_source.php, line 525]
2009-10-17 13:34:18 Warning: Warning (2): Cannot modify header information - headers already sent by (output started at D:\xampp\htdocs\billiwall\cake\basics.php:109) in [CORE\cake\libs\controller\controller.php, line 644]
2009-10-17 13:45:03 Warning: Warning (512): <span style = "color:Red;text-align:left"><b>SQL Error:</b> 1052: Column 'id' in where clause is ambiguous</span> in [CORE\cake\libs\model\datasources\dbo_source.php, line 525]
2009-10-17 13:45:03 Warning: Warning (512): <span style = "color:Red;text-align:left"><b>SQL Error:</b> 1048: Column 'balance' cannot be null</span> in [CORE\cake\libs\model\datasources\dbo_source.php, line 525]
2009-10-17 13:45:03 Warning: Warning (2): Cannot modify header information - headers already sent by (output started at D:\xampp\htdocs\billiwall\cake\basics.php:109) in [CORE\cake\libs\controller\controller.php, line 644]
2009-10-24 11:13:42 Warning: Warning (2): Invalid argument supplied for foreach() in [APP\views\streets\index.ctp, line 95]
2009-10-24 12:18:14 Warning: Warning (512): <span style = "color:Red;text-align:left"><b>SQL Error:</b> 1048: Column 'group_id' cannot be null</span> in [CORE\cake\libs\model\datasources\dbo_source.php, line 525]
2009-10-24 12:18:14 Warning: Warning (2): Cannot modify header information - headers already sent by (output started at D:\xampp\htdocs\billiwall\cake\basics.php:109) in [CORE\cake\libs\controller\controller.php, line 644]
2009-10-24 12:19:30 Warning: Warning (512): <span style = "color:Red;text-align:left"><b>SQL Error:</b> 1048: Column 'group_id' cannot be null</span> in [CORE\cake\libs\model\datasources\dbo_source.php, line 525]
2009-10-24 12:19:30 Warning: Warning (2): Cannot modify header information - headers already sent by (output started at D:\xampp\htdocs\billiwall\cake\basics.php:109) in [CORE\cake\libs\controller\controller.php, line 644]
2009-10-24 13:16:23 Warning: Warning (2): Cannot modify header information - headers already sent by (output started at D:\xampp\htdocs\billiwall\cake\basics.php:109) in [CORE\cake\libs\controller\controller.php, line 644]
2009-10-24 13:17:11 Warning: Warning (2): Cannot modify header information - headers already sent by (output started at D:\xampp\htdocs\billiwall\cake\basics.php:109) in [CORE\cake\libs\controller\controller.php, line 644]
2009-10-24 13:17:18 Warning: Warning (2): Cannot modify header information - headers already sent by (output started at D:\xampp\htdocs\billiwall\cake\basics.php:109) in [CORE\cake\libs\controller\controller.php, line 644]
2009-10-24 14:10:16 Warning: Warning (512): <span style = "color:Red;text-align:left"><b>SQL Error:</b> 1048: Column 'unlimited_tariff_id' cannot be null</span> in [CORE\cake\libs\model\datasources\dbo_source.php, line 525]
2009-10-24 14:10:16 Warning: Warning (2): Cannot modify header information - headers already sent by (output started at D:\xampp\htdocs\billiwall\cake\basics.php:109) in [CORE\cake\libs\controller\controller.php, line 644]
2009-10-24 14:26:22 Warning: Warning (2): Cannot modify header information - headers already sent by (output started at D:\xampp\htdocs\billiwall\cake\basics.php:109) in [CORE\cake\libs\controller\controller.php, line 644]
2009-10-24 14:26:58 Warning: Warning (2): Cannot modify header information - headers already sent by (output started at D:\xampp\htdocs\billiwall\cake\basics.php:109) in [CORE\cake\libs\controller\controller.php, line 644]
2009-10-24 14:27:58 Warning: Warning (2): Cannot modify header information - headers already sent by (output started at D:\xampp\htdocs\billiwall\cake\basics.php:109) in [CORE\cake\libs\controller\controller.php, line 644]
2009-10-24 14:28:42 Warning: Warning (2): Cannot modify header information - headers already sent by (output started at D:\xampp\htdocs\billiwall\cake\basics.php:109) in [CORE\cake\libs\controller\controller.php, line 644]
