2009-08-12 22:13:10 Warning: Warning (512): <span style = "color:Red;text-align:left"><b>SQL Error:</b> 1064: You have an error in your SQL syntax; check the manual that corresponds to your MySQL server version for the right syntax to use near 'All    LIMIT 1' at line 1</span> in [CORE\cake\libs\model\datasources\dbo_source.php, line 524]
2009-08-12 22:14:46 Warning: Warning (512): <span style = "color:Red;text-align:left"><b>SQL Error:</b> 1064: You have an error in your SQL syntax; check the manual that corresponds to your MySQL server version for the right syntax to use near 'All    LIMIT 1' at line 1</span> in [CORE\cake\libs\model\datasources\dbo_source.php, line 524]
2009-08-12 22:15:24 Warning: Warning (512): <span style = "color:Red;text-align:left"><b>SQL Error:</b> 1064: You have an error in your SQL syntax; check the manual that corresponds to your MySQL server version for the right syntax to use near 'All    LIMIT 1' at line 1</span> in [CORE\cake\libs\model\datasources\dbo_source.php, line 524]
2009-08-12 22:17:30 Warning: Warning (512): <span style = "color:Red;text-align:left"><b>SQL Error:</b> 1064: You have an error in your SQL syntax; check the manual that corresponds to your MySQL server version for the right syntax to use near 'All    LIMIT 1' at line 1</span> in [CORE\cake\libs\model\datasources\dbo_source.php, line 524]
2009-08-12 22:18:05 Warning: Warning (512): <span style = "color:Red;text-align:left"><b>SQL Error:</b> 1064: You have an error in your SQL syntax; check the manual that corresponds to your MySQL server version for the right syntax to use near 'All    LIMIT 1' at line 1</span> in [CORE\cake\libs\model\datasources\dbo_source.php, line 524]
2009-08-12 22:18:05 Warning: Warning (2): Invalid argument supplied for foreach() in [APP\views\unlimited_tariffs\index.ctp, line 8]
2009-08-12 22:27:46 Warning: Warning (512): <span style = "color:Red;text-align:left"><b>SQL Error:</b> 1064: You have an error in your SQL syntax; check the manual that corresponds to your MySQL server version for the right syntax to use near 'All    LIMIT 1' at line 1</span> in [CORE\cake\libs\model\datasources\dbo_source.php, line 524]
2009-08-12 22:27:46 Warning: Warning (2): Invalid argument supplied for foreach() in [APP\views\unlimited_tariffs\index.ctp, line 8]
2009-08-12 22:30:18 Warning: Warning (2): Invalid argument supplied for foreach() in [APP\views\unlimited_tariffs\index.ctp, line 8]
2009-08-14 23:10:52 Warning: Warning (2): Cannot modify header information - headers already sent by (output started at D:\xampp\htdocs\arvo-joomla\billing\app\config\database.php:1) in [CORE\cake\libs\controller\controller.php, line 644]
2009-08-15 22:38:10 Warning: Warning (512): <span style = "color:Red;text-align:left"><b>SQL Error:</b> 1054: Unknown column 'UnlimitedTariff.unlimitedtariff_id' in 'on clause'</span> in [CORE\cake\libs\model\datasources\dbo_source.php, line 524]
2009-08-15 22:38:10 Warning: Warning (2): Invalid argument supplied for foreach() in [APP\views\users\index.ctp, line 93]
2009-08-15 22:39:10 Warning: Warning (512): <span style = "color:Red;text-align:left"><b>SQL Error:</b> 1054: Unknown column 'UnlimitedTariff.unlimitedtariff_id' in 'on clause'</span> in [CORE\cake\libs\model\datasources\dbo_source.php, line 524]
2009-08-15 22:39:10 Warning: Warning (2): Invalid argument supplied for foreach() in [APP\views\users\index.ctp, line 93]
2009-08-15 22:39:11 Warning: Warning (512): <span style = "color:Red;text-align:left"><b>SQL Error:</b> 1054: Unknown column 'UnlimitedTariff.unlimitedtariff_id' in 'on clause'</span> in [CORE\cake\libs\model\datasources\dbo_source.php, line 524]
2009-08-15 22:39:11 Warning: Warning (2): Invalid argument supplied for foreach() in [APP\views\users\index.ctp, line 93]
2009-08-15 22:40:49 Warning: Warning (512): <span style = "color:Red;text-align:left"><b>SQL Error:</b> 1054: Unknown column 'UnlimitedTariff.unlimitedtariff_id' in 'on clause'</span> in [CORE\cake\libs\model\datasources\dbo_source.php, line 524]
2009-08-15 22:40:49 Warning: Warning (2): Invalid argument supplied for foreach() in [APP\views\users\index.ctp, line 93]
2009-08-15 22:40:50 Warning: Warning (512): <span style = "color:Red;text-align:left"><b>SQL Error:</b> 1054: Unknown column 'UnlimitedTariff.unlimitedtariff_id' in 'on clause'</span> in [CORE\cake\libs\model\datasources\dbo_source.php, line 524]
2009-08-15 22:40:50 Warning: Warning (2): Invalid argument supplied for foreach() in [APP\views\users\index.ctp, line 93]
2009-08-15 22:42:32 Warning: Warning (512): <span style = "color:Red;text-align:left"><b>SQL Error:</b> 1066: Not unique table/alias: 'User'</span> in [CORE\cake\libs\model\datasources\dbo_source.php, line 524]
2009-08-15 22:42:32 Warning: Warning (2): Invalid argument supplied for foreach() in [APP\views\users\index.ctp, line 93]
2009-08-15 22:42:34 Warning: Warning (512): <span style = "color:Red;text-align:left"><b>SQL Error:</b> 1066: Not unique table/alias: 'User'</span> in [CORE\cake\libs\model\datasources\dbo_source.php, line 524]
2009-08-15 22:42:34 Warning: Warning (2): Invalid argument supplied for foreach() in [APP\views\users\index.ctp, line 93]
2009-08-15 22:42:54 Warning: Warning (512): <span style = "color:Red;text-align:left"><b>SQL Error:</b> 1054: Unknown column 'Users.unlimitedtariff_id' in 'on clause'</span> in [CORE\cake\libs\model\datasources\dbo_source.php, line 524]
2009-08-15 22:42:54 Warning: Warning (2): Invalid argument supplied for foreach() in [APP\views\users\index.ctp, line 93]
2009-08-15 22:42:55 Warning: Warning (512): <span style = "color:Red;text-align:left"><b>SQL Error:</b> 1054: Unknown column 'Users.unlimitedtariff_id' in 'on clause'</span> in [CORE\cake\libs\model\datasources\dbo_source.php, line 524]
2009-08-15 22:42:55 Warning: Warning (2): Invalid argument supplied for foreach() in [APP\views\users\index.ctp, line 93]
2009-08-15 22:47:50 Warning: Warning (512): <span style = "color:Red;text-align:left"><b>SQL Error:</b> 1054: Unknown column 'UnlimitedTariffs.unlimitedtariff_id' in 'on clause'</span> in [CORE\cake\libs\model\datasources\dbo_source.php, line 524]
2009-08-15 22:47:50 Warning: Warning (2): Invalid argument supplied for foreach() in [APP\views\users\index.ctp, line 93]
2009-08-15 22:48:12 Warning: Warning (512): <span style = "color:Red;text-align:left"><b>SQL Error:</b> 1054: Unknown column 'Users.unlimitedtariff_id' in 'on clause'</span> in [CORE\cake\libs\model\datasources\dbo_source.php, line 524]
2009-08-15 22:48:12 Warning: Warning (2): Invalid argument supplied for foreach() in [APP\views\users\index.ctp, line 93]
2009-08-15 22:50:51 Warning: Warning (512): <span style = "color:Red;text-align:left"><b>SQL Error:</b> 1054: Unknown column 'Users.unlimitedtariff_id' in 'on clause'</span> in [CORE\cake\libs\model\datasources\dbo_source.php, line 524]
2009-08-15 22:50:51 Warning: Warning (2): Invalid argument supplied for foreach() in [APP\views\users\index.ctp, line 93]
2009-08-15 22:54:54 Warning: Warning (512): <span style = "color:Red;text-align:left"><b>SQL Error:</b> 1054: Unknown column 'UnlimitedTariff.user_id' in 'on clause'</span> in [CORE\cake\libs\model\datasources\dbo_source.php, line 524]
2009-08-15 22:54:55 Warning: Warning (2): Invalid argument supplied for foreach() in [APP\views\users\index.ctp, line 93]
2009-08-15 22:57:12 Warning: Warning (512): <span style = "color:Red;text-align:left"><b>SQL Error:</b> 1054: Unknown column 'User.unlimited_tariff_id' in 'on clause'</span> in [CORE\cake\libs\model\datasources\dbo_source.php, line 524]
2009-08-15 22:57:12 Warning: Warning (2): Invalid argument supplied for foreach() in [APP\views\users\index.ctp, line 93]
2009-08-16 21:00:41 Warning: Warning (512): <span style = "color:Red;text-align:left"><b>SQL Error:</b> 1064: You have an error in your SQL syntax; check the manual that corresponds to your MySQL server version for the right syntax to use near 'generateList' at line 1</span> in [CORE\cake\libs\model\datasources\dbo_source.php, line 524]
2009-08-16 21:01:39 Warning: Warning (512): <span style = "color:Red;text-align:left"><b>SQL Error:</b> 1064: You have an error in your SQL syntax; check the manual that corresponds to your MySQL server version for the right syntax to use near 'generateList' at line 1</span> in [CORE\cake\libs\model\datasources\dbo_source.php, line 524]
2009-08-16 21:01:39 Warning: Warning (512): <span style = "color:Red;text-align:left"><b>SQL Error:</b> 1064: You have an error in your SQL syntax; check the manual that corresponds to your MySQL server version for the right syntax to use near 'generateList' at line 1</span> in [CORE\cake\libs\model\datasources\dbo_source.php, line 524]
2009-08-16 21:02:40 Warning: Warning (512): <span style = "color:Red;text-align:left"><b>SQL Error:</b> 1064: You have an error in your SQL syntax; check the manual that corresponds to your MySQL server version for the right syntax to use near 'generateList' at line 1</span> in [CORE\cake\libs\model\datasources\dbo_source.php, line 524]
2009-08-16 21:02:41 Warning: Warning (512): <span style = "color:Red;text-align:left"><b>SQL Error:</b> 1064: You have an error in your SQL syntax; check the manual that corresponds to your MySQL server version for the right syntax to use near 'generateList' at line 1</span> in [CORE\cake\libs\model\datasources\dbo_source.php, line 524]
2009-08-16 21:18:45 Warning: Warning (512): <span style = "color:Red;text-align:left"><b>SQL Error:</b> 1064: You have an error in your SQL syntax; check the manual that corresponds to your MySQL server version for the right syntax to use near 'generateList' at line 1</span> in [CORE\cake\libs\model\datasources\dbo_source.php, line 524]
2009-08-16 21:18:46 Warning: Warning (512): <span style = "color:Red;text-align:left"><b>SQL Error:</b> 1064: You have an error in your SQL syntax; check the manual that corresponds to your MySQL server version for the right syntax to use near 'generateList' at line 1</span> in [CORE\cake\libs\model\datasources\dbo_source.php, line 524]
2009-08-19 12:46:11 Warning: Warning (2): session_regenerate_id() [<a href='http://php.net/function.session-regenerate-id'>function.session-regenerate-id</a>]: Session object destruction failed in [CORE\cake\libs\session.php, line 600]
2009-08-19 15:26:45 Warning: Warning (2): ssh2_auth_password() [<a href='http://php.net/function.ssh2-auth-password'>function.ssh2-auth-password</a>]: Authentication failed for  using password in [APP\vendors\mikrotik.php, line 11]
2009-08-19 15:38:44 Warning: Warning (2): ssh2_auth_password() [<a href='http://php.net/function.ssh2-auth-password'>function.ssh2-auth-password</a>]: Authentication failed for  using password in [APP\vendors\mikrotik.php, line 11]
2009-08-19 15:39:11 Warning: Warning (2): ssh2_auth_password() [<a href='http://php.net/function.ssh2-auth-password'>function.ssh2-auth-password</a>]: Authentication failed for  using password in [APP\vendors\mikrotik.php, line 11]
2009-08-19 16:32:53 Warning: Warning (2): ssh2_exec() [<a href='http://php.net/function.ssh2-exec'>function.ssh2-exec</a>]: Unable to request a channel from remote host in [APP\controllers\users_controller.php, line 49]
2009-08-19 16:34:14 Warning: Warning (2): ssh2_exec() [<a href='http://php.net/function.ssh2-exec'>function.ssh2-exec</a>]: Unable to request a channel from remote host in [APP\controllers\users_controller.php, line 49]
2009-08-19 16:37:00 Warning: Warning (2): Wrong parameter count for fclose() in [APP\controllers\users_controller.php, line 49]
2009-08-19 16:37:00 Warning: Warning (2): ssh2_exec() [<a href='http://php.net/function.ssh2-exec'>function.ssh2-exec</a>]: Unable to request a channel from remote host in [APP\controllers\users_controller.php, line 50]
2009-08-19 16:37:26 Warning: Warning (2): ssh2_exec() [<a href='http://php.net/function.ssh2-exec'>function.ssh2-exec</a>]: Unable to request a channel from remote host in [APP\controllers\users_controller.php, line 49]
2009-08-19 16:38:13 Warning: Warning (2): ssh2_exec() [<a href='http://php.net/function.ssh2-exec'>function.ssh2-exec</a>]: Unable to request a channel from remote host in [APP\controllers\users_controller.php, line 49]
2009-08-19 16:49:39 Warning: Warning (2): ssh2_exec() expects parameter 1 to be resource, null given in [APP\vendors\mikrotik.php, line 17]
2009-08-19 16:49:39 Warning: Warning (2): stream_set_blocking(): supplied argument is not a valid stream resource in [APP\vendors\mikrotik.php, line 18]
2009-08-19 16:49:39 Warning: Warning (2): fread(): supplied argument is not a valid stream resource in [APP\vendors\mikrotik.php, line 20]
2009-08-19 16:49:39 Warning: Warning (2): fclose(): supplied argument is not a valid stream resource in [APP\vendors\mikrotik.php, line 23]
2009-08-19 16:49:39 Warning: Warning (2): Cannot modify header information - headers already sent by (output started at D:\xampp\htdocs\billiwall\cake\basics.php:111) in [CORE\cake\libs\controller\controller.php, line 644]
2009-08-19 17:15:01 Warning: Warning (2): Invalid argument supplied for foreach() in [APP\views\users\take_payment.ctp, line 2]
2009-08-19 17:15:01 Warning: Warning (2): Invalid argument supplied for foreach() in [APP\views\users\take_payment.ctp, line 2]
